{"level":"info","message":"Listening on port 3000...","timestamp":"2018-09-26T07:45:29.753Z"}
{"level":"info","message":"Connected to MongoDB...","timestamp":"2018-09-26T07:45:29.828Z"}
{"level":"info","message":"Listening on port 3000...","timestamp":"2018-09-26T07:46:50.108Z"}
{"level":"info","message":"Connected to MongoDB...","timestamp":"2018-09-26T07:46:50.165Z"}
{"level":"info","message":"Listening on port 3000...","timestamp":"2018-09-26T07:47:15.796Z"}
{"level":"info","message":"Connected to MongoDB...","timestamp":"2018-09-26T07:47:15.888Z"}
{"level":"info","message":"Listening on port 3000...","timestamp":"2018-09-26T07:48:57.666Z"}
{"level":"info","message":"Connected to MongoDB...","timestamp":"2018-09-26T07:48:57.735Z"}
{"level":"info","message":"Listening on port 3000...","timestamp":"2018-09-26T07:49:23.778Z"}
{"level":"info","message":"Connected to MongoDB...","timestamp":"2018-09-26T07:49:23.862Z"}
{"level":"info","message":"Listening on port 3000...","timestamp":"2018-09-26T07:50:50.840Z"}
{"level":"info","message":"Connected to MongoDB...","timestamp":"2018-09-26T07:50:50.900Z"}
{"level":"info","message":"Listening on port 3000...","timestamp":"2018-09-26T07:52:09.180Z"}
{"level":"info","message":"Connected to MongoDB...","timestamp":"2018-09-26T07:52:09.238Z"}
{"message":"Unexpected token f in JSON at position 3","stack":"SyntaxError: Unexpected token f in JSON at position 3\n    at JSON.parse (<anonymous>)\n    at parse (/Users/patrickleemsantos/FullStackProjects/bdo/api/node_modules/body-parser/lib/types/json.js:89:19)\n    at /Users/patrickleemsantos/FullStackProjects/bdo/api/node_modules/body-parser/lib/read.js:121:18\n    at invokeCallback (/Users/patrickleemsantos/FullStackProjects/bdo/api/node_modules/raw-body/index.js:224:16)\n    at done (/Users/patrickleemsantos/FullStackProjects/bdo/api/node_modules/raw-body/index.js:213:7)\n    at IncomingMessage.onEnd (/Users/patrickleemsantos/FullStackProjects/bdo/api/node_modules/raw-body/index.js:273:7)\n    at IncomingMessage.emit (events.js:182:13)\n    at endReadableNT (_stream_readable.js:1092:12)\n    at process._tickCallback (internal/process/next_tick.js:63:19)","expose":true,"statusCode":400,"status":400,"body":"{\n\tfirstName: \"Patrick\",\n\tlastName: \"Santos\",\n\temail: \"patrickleemsantos@gmail.com\",\n\tpassword: \"1234\"\n}","type":"entity.parse.failed","level":"error","timestamp":"2018-09-26T08:01:05.737Z"}
{"level":"info","message":"Listening on port 3000...","timestamp":"2018-09-26T08:03:59.535Z"}
{"level":"info","message":"Connected to MongoDB...","timestamp":"2018-09-26T08:03:59.646Z"}
{"level":"info","message":"Listening on port 3000...","timestamp":"2018-09-26T08:04:36.484Z"}
{"level":"info","message":"Connected to MongoDB...","timestamp":"2018-09-26T08:04:36.566Z"}
{"level":"info","message":"Listening on port 3000...","timestamp":"2018-09-26T08:05:19.368Z"}
{"level":"info","message":"Connected to MongoDB...","timestamp":"2018-09-26T08:05:19.431Z"}
{"level":"info","message":"Listening on port 3000...","timestamp":"2018-09-26T08:05:38.091Z"}
{"level":"info","message":"Connected to MongoDB...","timestamp":"2018-09-26T08:05:38.153Z"}
{"level":"info","message":"Listening on port 3000...","timestamp":"2018-09-26T08:05:45.990Z"}
{"level":"info","message":"Connected to MongoDB...","timestamp":"2018-09-26T08:05:46.086Z"}
{"level":"info","message":"Listening on port 3000...","timestamp":"2018-09-26T08:06:47.863Z"}
{"level":"info","message":"Connected to MongoDB...","timestamp":"2018-09-26T08:06:47.983Z"}
{"level":"info","message":"Listening on port 3000...","timestamp":"2018-09-26T08:07:09.016Z"}
{"level":"info","message":"Connected to MongoDB...","timestamp":"2018-09-26T08:07:09.054Z"}
{"level":"info","message":"Listening on port 3001...","timestamp":"2018-09-26T08:37:30.131Z"}
{"level":"info","message":"Connected to MongoDB...","timestamp":"2018-09-26T08:37:30.177Z"}
{"level":"info","message":"Listening on port 3001...","timestamp":"2018-09-26T15:33:49.713Z"}
{"level":"info","message":"Listening on port 3001...","timestamp":"2018-09-26T15:34:43.813Z"}
{"level":"info","message":"Connected to MongoDB...","timestamp":"2018-09-26T15:34:43.856Z"}
{"level":"info","message":"Listening on port 3001...","timestamp":"2018-09-26T23:56:10.103Z"}
{"level":"info","message":"Connected to MongoDB...","timestamp":"2018-09-26T23:56:10.162Z"}
{"level":"info","message":"Listening on port 3001...","timestamp":"2018-09-28T00:37:13.955Z"}
{"level":"info","message":"Connected to MongoDB...","timestamp":"2018-09-28T00:37:14.180Z"}
{"level":"info","message":"Listening on port 3001...","timestamp":"2018-09-28T03:02:03.651Z"}
{"level":"info","message":"Connected to MongoDB...","timestamp":"2018-09-28T03:02:03.730Z"}
{"level":"info","message":"Listening on port 3001...","timestamp":"2018-09-28T03:02:31.316Z"}
{"level":"info","message":"Connected to MongoDB...","timestamp":"2018-09-28T03:02:31.364Z"}
{"level":"info","message":"Listening on port 3001...","timestamp":"2018-09-28T03:02:34.664Z"}
{"level":"info","message":"Connected to MongoDB...","timestamp":"2018-09-28T03:02:34.793Z"}
{"level":"info","message":"Listening on port 3001...","timestamp":"2018-09-28T03:03:04.818Z"}
{"level":"info","message":"Connected to MongoDB...","timestamp":"2018-09-28T03:03:04.862Z"}
{"level":"info","message":"Listening on port 3001...","timestamp":"2018-09-28T03:03:22.118Z"}
{"level":"info","message":"Connected to MongoDB...","timestamp":"2018-09-28T03:03:22.225Z"}
{"level":"info","message":"Listening on port 3001...","timestamp":"2018-09-28T03:08:13.610Z"}
{"level":"info","message":"Connected to MongoDB...","timestamp":"2018-09-28T03:08:13.717Z"}
{"level":"info","message":"Listening on port 3001...","timestamp":"2018-09-28T03:09:25.951Z"}
{"level":"info","message":"Connected to MongoDB...","timestamp":"2018-09-28T03:09:26.001Z"}
{"level":"info","message":"Listening on port 3001...","timestamp":"2018-09-28T03:09:58.288Z"}
{"level":"info","message":"Connected to MongoDB...","timestamp":"2018-09-28T03:09:58.337Z"}
{"level":"info","message":"Listening on port 3001...","timestamp":"2018-09-28T03:10:08.705Z"}
{"level":"info","message":"Connected to MongoDB...","timestamp":"2018-09-28T03:10:08.765Z"}
{"level":"info","message":"Listening on port 3001...","timestamp":"2018-09-28T03:11:58.856Z"}
{"level":"info","message":"Connected to MongoDB...","timestamp":"2018-09-28T03:11:58.892Z"}
{"level":"info","message":"Listening on port 3001...","timestamp":"2018-09-28T03:13:50.149Z"}
{"level":"info","message":"Connected to MongoDB...","timestamp":"2018-09-28T03:13:50.190Z"}
{"level":"info","message":"Listening on port 3001...","timestamp":"2018-09-28T03:14:17.727Z"}
{"level":"info","message":"Connected to MongoDB...","timestamp":"2018-09-28T03:14:17.764Z"}
{"level":"info","message":"Listening on port 3001...","timestamp":"2018-09-28T03:14:47.559Z"}
{"level":"info","message":"Connected to MongoDB...","timestamp":"2018-09-28T03:14:47.599Z"}
{"level":"info","message":"Listening on port 3001...","timestamp":"2018-09-28T03:15:04.028Z"}
{"level":"info","message":"Connected to MongoDB...","timestamp":"2018-09-28T03:15:04.071Z"}
{"level":"info","message":"Listening on port 3001...","timestamp":"2018-09-28T03:15:21.849Z"}
{"level":"info","message":"Connected to MongoDB...","timestamp":"2018-09-28T03:15:21.996Z"}
{"level":"info","message":"Listening on port 3001...","timestamp":"2018-09-28T03:16:13.212Z"}
{"level":"info","message":"Connected to MongoDB...","timestamp":"2018-09-28T03:16:13.262Z"}
{"level":"info","message":"Listening on port 3001...","timestamp":"2018-09-28T03:16:16.443Z"}
{"level":"info","message":"Connected to MongoDB...","timestamp":"2018-09-28T03:16:16.493Z"}
{"level":"info","message":"Listening on port 3001...","timestamp":"2018-09-28T03:16:31.549Z"}
{"level":"info","message":"Connected to MongoDB...","timestamp":"2018-09-28T03:16:31.610Z"}
{"level":"info","message":"Listening on port 3001...","timestamp":"2018-09-28T03:16:36.038Z"}
{"level":"info","message":"Connected to MongoDB...","timestamp":"2018-09-28T03:16:36.080Z"}
{"level":"info","message":"Listening on port 3001...","timestamp":"2018-09-28T03:17:40.908Z"}
{"level":"info","message":"Connected to MongoDB...","timestamp":"2018-09-28T03:17:40.951Z"}
{"level":"info","message":"Listening on port 3001...","timestamp":"2018-09-28T03:17:53.711Z"}
{"level":"info","message":"Connected to MongoDB...","timestamp":"2018-09-28T03:17:53.750Z"}
{"level":"info","message":"Listening on port 3001...","timestamp":"2018-09-28T03:29:05.708Z"}
{"level":"info","message":"Connected to MongoDB...","timestamp":"2018-09-28T03:29:05.745Z"}
{"level":"info","message":"Listening on port 3001...","timestamp":"2018-09-28T05:34:33.600Z"}
{"level":"info","message":"Connected to MongoDB...","timestamp":"2018-09-28T05:34:33.657Z"}
{"level":"info","message":"Listening on port 3001...","timestamp":"2018-09-28T05:36:04.138Z"}
{"level":"info","message":"Connected to MongoDB...","timestamp":"2018-09-28T05:36:04.178Z"}
{"level":"info","message":"Listening on port 3001...","timestamp":"2018-09-28T05:36:46.544Z"}
{"level":"info","message":"Connected to MongoDB...","timestamp":"2018-09-28T05:36:46.587Z"}
{"level":"info","message":"Listening on port 3001...","timestamp":"2018-09-28T05:37:04.941Z"}
{"level":"info","message":"Connected to MongoDB...","timestamp":"2018-09-28T05:37:04.988Z"}
{"level":"info","message":"Listening on port 3001...","timestamp":"2018-09-28T05:37:09.864Z"}
{"level":"info","message":"Connected to MongoDB...","timestamp":"2018-09-28T05:37:09.902Z"}
{"level":"info","message":"Listening on port 3001...","timestamp":"2018-09-28T06:04:44.882Z"}
{"level":"info","message":"Connected to MongoDB...","timestamp":"2018-09-28T06:04:44.920Z"}
{"level":"info","message":"Listening on port 3001...","timestamp":"2018-09-28T21:39:23.513Z"}
{"level":"info","message":"Connected to MongoDB...","timestamp":"2018-09-28T21:39:23.562Z"}
{"level":"info","message":"Listening on port 3001...","timestamp":"2018-09-30T10:07:38.242Z"}
{"level":"info","message":"Connected to MongoDB...","timestamp":"2018-09-30T10:07:38.295Z"}
{"level":"info","message":"Listening on port 3001...","timestamp":"2018-10-01T01:38:24.642Z"}
{"level":"info","message":"Connected to MongoDB...","timestamp":"2018-10-01T01:38:24.766Z"}
{"level":"info","message":"Listening on port 3001...","timestamp":"2018-10-01T01:39:06.567Z"}
{"level":"info","message":"Connected to MongoDB...","timestamp":"2018-10-01T01:39:06.612Z"}
{"level":"info","message":"Listening on port 3001...","timestamp":"2018-10-01T01:39:52.138Z"}
{"level":"info","message":"Connected to MongoDB...","timestamp":"2018-10-01T01:39:52.183Z"}
{"level":"info","message":"Listening on port 3001...","timestamp":"2018-10-01T01:41:32.401Z"}
{"level":"info","message":"Connected to MongoDB...","timestamp":"2018-10-01T01:41:32.452Z"}
{"level":"info","message":"Listening on port 3001...","timestamp":"2018-10-01T01:44:09.881Z"}
{"level":"info","message":"Connected to MongoDB...","timestamp":"2018-10-01T01:44:09.926Z"}
{"level":"info","message":"Listening on port 3001...","timestamp":"2018-10-01T01:46:51.319Z"}
{"level":"info","message":"Connected to MongoDB...","timestamp":"2018-10-01T01:46:51.366Z"}
{"level":"info","message":"Listening on port 3001...","timestamp":"2018-10-01T01:54:23.328Z"}
{"level":"info","message":"Connected to MongoDB...","timestamp":"2018-10-01T01:54:23.386Z"}
{"level":"info","message":"Listening on port 3001...","timestamp":"2018-10-01T01:57:20.600Z"}
{"level":"info","message":"Connected to MongoDB...","timestamp":"2018-10-01T01:57:20.645Z"}
{"level":"info","message":"Listening on port 3001...","timestamp":"2018-10-01T02:01:58.121Z"}
{"level":"info","message":"Connected to MongoDB...","timestamp":"2018-10-01T02:01:58.163Z"}
{"level":"info","message":"Listening on port 3001...","timestamp":"2018-10-01T02:02:25.596Z"}
{"level":"info","message":"Connected to MongoDB...","timestamp":"2018-10-01T02:02:25.639Z"}
{"level":"info","message":"Listening on port 3001...","timestamp":"2018-10-01T04:24:54.150Z"}
{"level":"info","message":"Connected to MongoDB...","timestamp":"2018-10-01T04:24:54.191Z"}
{"level":"info","message":"Listening on port 3001...","timestamp":"2018-10-01T04:25:29.549Z"}
{"level":"info","message":"Connected to MongoDB...","timestamp":"2018-10-01T04:25:29.596Z"}
{"level":"info","message":"Listening on port 3001...","timestamp":"2018-10-01T04:25:43.242Z"}
{"level":"info","message":"Connected to MongoDB...","timestamp":"2018-10-01T04:25:43.314Z"}
{"level":"info","message":"Listening on port 3001...","timestamp":"2018-10-01T04:25:49.817Z"}
{"level":"info","message":"Connected to MongoDB...","timestamp":"2018-10-01T04:25:49.873Z"}
{"level":"info","message":"Listening on port 3001...","timestamp":"2018-10-01T04:32:59.900Z"}
{"level":"info","message":"Connected to MongoDB...","timestamp":"2018-10-01T04:32:59.941Z"}
{"level":"info","message":"Listening on port 3001...","timestamp":"2018-10-01T04:33:57.438Z"}
{"level":"info","message":"Connected to MongoDB...","timestamp":"2018-10-01T04:33:57.507Z"}
{"message":"Cannot destructure property `error` of 'undefined' or 'null'.","stack":"TypeError: Cannot destructure property `error` of 'undefined' or 'null'.\n    at router.put (/Users/patrickleemsantos/FullStackProjects/bdo/api/routes/menus.js:29:23)\n    at newFn (/Users/patrickleemsantos/FullStackProjects/bdo/api/node_modules/express-async-errors/index.js:25:20)\n    at Layer.handle [as handle_request] (/Users/patrickleemsantos/FullStackProjects/bdo/api/node_modules/express/lib/router/layer.js:95:5)\n    at next (/Users/patrickleemsantos/FullStackProjects/bdo/api/node_modules/express/lib/router/route.js:137:13)\n    at Route.dispatch (/Users/patrickleemsantos/FullStackProjects/bdo/api/node_modules/express/lib/router/route.js:112:3)\n    at newFn (/Users/patrickleemsantos/FullStackProjects/bdo/api/node_modules/express-async-errors/index.js:25:20)\n    at Layer.handle [as handle_request] (/Users/patrickleemsantos/FullStackProjects/bdo/api/node_modules/express/lib/router/layer.js:95:5)\n    at /Users/patrickleemsantos/FullStackProjects/bdo/api/node_modules/express/lib/router/index.js:281:22\n    at param (/Users/patrickleemsantos/FullStackProjects/bdo/api/node_modules/express/lib/router/index.js:354:14)\n    at param (/Users/patrickleemsantos/FullStackProjects/bdo/api/node_modules/express/lib/router/index.js:365:14)\n    at Function.process_params (/Users/patrickleemsantos/FullStackProjects/bdo/api/node_modules/express/lib/router/index.js:410:3)\n    at next (/Users/patrickleemsantos/FullStackProjects/bdo/api/node_modules/express/lib/router/index.js:275:10)\n    at Function.handle (/Users/patrickleemsantos/FullStackProjects/bdo/api/node_modules/express/lib/router/index.js:174:3)\n    at router (/Users/patrickleemsantos/FullStackProjects/bdo/api/node_modules/express/lib/router/index.js:47:12)\n    at newFn (/Users/patrickleemsantos/FullStackProjects/bdo/api/node_modules/express-async-errors/index.js:25:20)\n    at Layer.handle [as handle_request] (/Users/patrickleemsantos/FullStackProjects/bdo/api/node_modules/express/lib/router/layer.js:95:5)","level":"error","timestamp":"2018-10-01T04:35:31.747Z"}
{"level":"info","message":"Listening on port 3001...","timestamp":"2018-10-01T04:35:58.485Z"}
{"level":"info","message":"Connected to MongoDB...","timestamp":"2018-10-01T04:35:58.555Z"}
{"level":"info","message":"Listening on port 3001...","timestamp":"2018-10-01T04:36:05.443Z"}
{"level":"info","message":"Connected to MongoDB...","timestamp":"2018-10-01T04:36:05.493Z"}
{"level":"info","message":"Listening on port 3001...","timestamp":"2018-10-01T04:36:14.766Z"}
{"level":"info","message":"Connected to MongoDB...","timestamp":"2018-10-01T04:36:14.815Z"}
{"level":"info","message":"Listening on port 3001...","timestamp":"2018-10-01T04:36:51.845Z"}
{"level":"info","message":"Connected to MongoDB...","timestamp":"2018-10-01T04:36:51.890Z"}
{"level":"info","message":"Listening on port 3001...","timestamp":"2018-10-01T04:37:40.588Z"}
{"level":"info","message":"Connected to MongoDB...","timestamp":"2018-10-01T04:37:40.633Z"}
{"level":"info","message":"Listening on port 3001...","timestamp":"2018-10-01T04:38:09.967Z"}
{"level":"info","message":"Connected to MongoDB...","timestamp":"2018-10-01T04:38:10.020Z"}
{"level":"info","message":"Listening on port 3001...","timestamp":"2018-10-01T04:39:21.558Z"}
{"level":"info","message":"Connected to MongoDB...","timestamp":"2018-10-01T04:39:21.612Z"}
{"level":"info","message":"Listening on port 3001...","timestamp":"2018-10-01T04:40:07.255Z"}
{"level":"info","message":"Connected to MongoDB...","timestamp":"2018-10-01T04:40:07.298Z"}
{"level":"info","message":"Listening on port 3001...","timestamp":"2018-10-01T04:42:53.095Z"}
{"level":"info","message":"Connected to MongoDB...","timestamp":"2018-10-01T04:42:53.150Z"}
{"level":"info","message":"Listening on port 3001...","timestamp":"2018-10-01T04:56:28.613Z"}
{"level":"info","message":"Connected to MongoDB...","timestamp":"2018-10-01T04:56:28.662Z"}
{"level":"info","message":"Listening on port 3001...","timestamp":"2018-10-01T06:29:19.402Z"}
{"level":"info","message":"Connected to MongoDB...","timestamp":"2018-10-01T06:29:19.468Z"}
{"level":"info","message":"Listening on port 3001...","timestamp":"2018-10-01T06:53:23.190Z"}
{"level":"info","message":"Connected to MongoDB...","timestamp":"2018-10-01T06:53:23.275Z"}
{"message":"Cast to ObjectId failed for value \"undefined\" at path \"_id\" for model \"Menu\"","stack":"CastError: Cast to ObjectId failed for value \"undefined\" at path \"_id\" for model \"Menu\"\n    at new CastError (/Users/patrickleemsantos/FullStackProjects/bdo/api/node_modules/mongoose/lib/error/cast.js:29:11)\n    at ObjectId.cast (/Users/patrickleemsantos/FullStackProjects/bdo/api/node_modules/mongoose/lib/schema/objectid.js:158:13)\n    at ObjectId.SchemaType.applySetters (/Users/patrickleemsantos/FullStackProjects/bdo/api/node_modules/mongoose/lib/schematype.js:724:12)\n    at ObjectId.SchemaType._castForQuery (/Users/patrickleemsantos/FullStackProjects/bdo/api/node_modules/mongoose/lib/schematype.js:1113:15)\n    at ObjectId.SchemaType.castForQuery (/Users/patrickleemsantos/FullStackProjects/bdo/api/node_modules/mongoose/lib/schematype.js:1103:15)\n    at ObjectId.SchemaType.castForQueryWrapper (/Users/patrickleemsantos/FullStackProjects/bdo/api/node_modules/mongoose/lib/schematype.js:1082:15)\n    at cast (/Users/patrickleemsantos/FullStackProjects/bdo/api/node_modules/mongoose/lib/cast.js:303:32)\n    at model.Query.Query.cast (/Users/patrickleemsantos/FullStackProjects/bdo/api/node_modules/mongoose/lib/query.js:3710:12)\n    at castQuery (/Users/patrickleemsantos/FullStackProjects/bdo/api/node_modules/mongoose/lib/query.js:3589:18)\n    at model.Query.Query._findAndModify (/Users/patrickleemsantos/FullStackProjects/bdo/api/node_modules/mongoose/lib/query.js:2794:17)\n    at model.Query.Query._findOneAndUpdate (/Users/patrickleemsantos/FullStackProjects/bdo/api/node_modules/mongoose/lib/query.js:2537:8)\n    at process.nextTick (/Users/patrickleemsantos/FullStackProjects/bdo/api/node_modules/kareem/index.js:333:33)\n    at process._tickCallback (internal/process/next_tick.js:61:11)","name":"CastError","stringValue":"\"undefined\"","kind":"ObjectId","value":"undefined","path":"_id","level":"error","timestamp":"2018-10-01T07:51:23.819Z"}
{"message":"Cast to ObjectId failed for value \"undefined\" at path \"_id\" for model \"Menu\"","stack":"CastError: Cast to ObjectId failed for value \"undefined\" at path \"_id\" for model \"Menu\"\n    at new CastError (/Users/patrickleemsantos/FullStackProjects/bdo/api/node_modules/mongoose/lib/error/cast.js:29:11)\n    at ObjectId.cast (/Users/patrickleemsantos/FullStackProjects/bdo/api/node_modules/mongoose/lib/schema/objectid.js:158:13)\n    at ObjectId.SchemaType.applySetters (/Users/patrickleemsantos/FullStackProjects/bdo/api/node_modules/mongoose/lib/schematype.js:724:12)\n    at ObjectId.SchemaType._castForQuery (/Users/patrickleemsantos/FullStackProjects/bdo/api/node_modules/mongoose/lib/schematype.js:1113:15)\n    at ObjectId.SchemaType.castForQuery (/Users/patrickleemsantos/FullStackProjects/bdo/api/node_modules/mongoose/lib/schematype.js:1103:15)\n    at ObjectId.SchemaType.castForQueryWrapper (/Users/patrickleemsantos/FullStackProjects/bdo/api/node_modules/mongoose/lib/schematype.js:1082:15)\n    at cast (/Users/patrickleemsantos/FullStackProjects/bdo/api/node_modules/mongoose/lib/cast.js:303:32)\n    at model.Query.Query.cast (/Users/patrickleemsantos/FullStackProjects/bdo/api/node_modules/mongoose/lib/query.js:3710:12)\n    at castQuery (/Users/patrickleemsantos/FullStackProjects/bdo/api/node_modules/mongoose/lib/query.js:3589:18)\n    at model.Query.Query._findAndModify (/Users/patrickleemsantos/FullStackProjects/bdo/api/node_modules/mongoose/lib/query.js:2794:17)\n    at model.Query.Query._findOneAndUpdate (/Users/patrickleemsantos/FullStackProjects/bdo/api/node_modules/mongoose/lib/query.js:2537:8)\n    at process.nextTick (/Users/patrickleemsantos/FullStackProjects/bdo/api/node_modules/kareem/index.js:333:33)\n    at process._tickCallback (internal/process/next_tick.js:61:11)","name":"CastError","stringValue":"\"undefined\"","kind":"ObjectId","value":"undefined","path":"_id","level":"error","timestamp":"2018-10-01T07:52:02.343Z"}
{"message":"Cast to ObjectId failed for value \"null\" at path \"_id\" for model \"Menu\"","stack":"CastError: Cast to ObjectId failed for value \"null\" at path \"_id\" for model \"Menu\"\n    at new CastError (/Users/patrickleemsantos/FullStackProjects/bdo/api/node_modules/mongoose/lib/error/cast.js:29:11)\n    at ObjectId.cast (/Users/patrickleemsantos/FullStackProjects/bdo/api/node_modules/mongoose/lib/schema/objectid.js:158:13)\n    at ObjectId.SchemaType.applySetters (/Users/patrickleemsantos/FullStackProjects/bdo/api/node_modules/mongoose/lib/schematype.js:724:12)\n    at ObjectId.SchemaType._castForQuery (/Users/patrickleemsantos/FullStackProjects/bdo/api/node_modules/mongoose/lib/schematype.js:1113:15)\n    at ObjectId.SchemaType.castForQuery (/Users/patrickleemsantos/FullStackProjects/bdo/api/node_modules/mongoose/lib/schematype.js:1103:15)\n    at ObjectId.SchemaType.castForQueryWrapper (/Users/patrickleemsantos/FullStackProjects/bdo/api/node_modules/mongoose/lib/schematype.js:1082:15)\n    at cast (/Users/patrickleemsantos/FullStackProjects/bdo/api/node_modules/mongoose/lib/cast.js:303:32)\n    at model.Query.Query.cast (/Users/patrickleemsantos/FullStackProjects/bdo/api/node_modules/mongoose/lib/query.js:3710:12)\n    at castQuery (/Users/patrickleemsantos/FullStackProjects/bdo/api/node_modules/mongoose/lib/query.js:3589:18)\n    at model.Query.Query._findAndModify (/Users/patrickleemsantos/FullStackProjects/bdo/api/node_modules/mongoose/lib/query.js:2794:17)\n    at model.Query.Query._findOneAndUpdate (/Users/patrickleemsantos/FullStackProjects/bdo/api/node_modules/mongoose/lib/query.js:2537:8)\n    at process.nextTick (/Users/patrickleemsantos/FullStackProjects/bdo/api/node_modules/kareem/index.js:333:33)\n    at process._tickCallback (internal/process/next_tick.js:61:11)","name":"CastError","stringValue":"\"null\"","kind":"ObjectId","value":"null","path":"_id","level":"error","timestamp":"2018-10-01T08:02:12.976Z"}
